<?xml version="1.0" encoding="UTF-8"?>
<testsuite name="MoodAnalyzerTest" tests="1" skipped="0" failures="0" errors="0" timestamp="2022-03-30T05:51:38" hostname="DESKTOP-48FV798" time="0.133">
  <properties/>
  <testcase name="givenMessage_whenSad_ShouldReturnSad()" classname="MoodAnalyzerTest" time="0.133"/>
  <system-out><![CDATA[this is a Sad Message
SAD
]]></system-out>
  <system-err><![CDATA[]]></system-err>
</testsuite>
